ERROR - 2023-10-10 23:37:00 --> Error connecting to the database: mysqli_sql_exception: Uma tentativa de conexão falhou porque o componente conectado não respondeu
corretamente após um período de tempo ou a conexão estabelecida falhou
porque o host conectado não respondeu in C:\wamp64\www\APP_CODE4\system\Database\MySQLi\Connection.php:174
Stack trace:
#0 C:\wamp64\www\APP_CODE4\system\Database\MySQLi\Connection.php(174): mysqli->real_connect('brknxbxz885whug...', 'unssffrcru8d5hw...', 'VfjFKMllP1br8vv...', 'brknxbxz885whug...', 3306, '', 0)
#1 C:\wamp64\www\APP_CODE4\system\Database\BaseConnection.php(391): CodeIgniter\Database\MySQLi\Connection->connect(false)
#2 C:\wamp64\www\APP_CODE4\system\Database\BaseConnection.php(574): CodeIgniter\Database\BaseConnection->initialize()
#3 C:\wamp64\www\APP_CODE4\system\Database\BaseBuilder.php(1616): CodeIgniter\Database\BaseConnection->query('SELECT COUNT(id...', Array, false)
#4 C:\wamp64\www\APP_CODE4\app\Controllers\Grafico.php(20): CodeIgniter\Database\BaseBuilder->get()
#5 C:\wamp64\www\APP_CODE4\system\CodeIgniter.php(932): App\Controllers\Grafico->abrirGrafico()
#6 C:\wamp64\www\APP_CODE4\system\CodeIgniter.php(497): CodeIgniter\CodeIgniter->runController(Object(App\Controllers\Grafico))
#7 C:\wamp64\www\APP_CODE4\system\CodeIgniter.php(366): CodeIgniter\CodeIgniter->handleRequest(NULL, Object(Config\Cache), false)
#8 C:\wamp64\www\APP_CODE4\index.php(67): CodeIgniter\CodeIgniter->run()
#9 {main}

Next CodeIgniter\Database\Exceptions\DatabaseException: Uma tentativa de conexão falhou porque o componente conectado não respondeu
corretamente após um período de tempo ou a conexão estabelecida falhou
porque o host conectado não respondeu in C:\wamp64\www\APP_CODE4\system\Database\MySQLi\Connection.php:218
Stack trace:
#0 C:\wamp64\www\APP_CODE4\system\Database\BaseConnection.php(391): CodeIgniter\Database\MySQLi\Connection->connect(false)
#1 C:\wamp64\www\APP_CODE4\system\Database\BaseConnection.php(574): CodeIgniter\Database\BaseConnection->initialize()
#2 C:\wamp64\www\APP_CODE4\system\Database\BaseBuilder.php(1616): CodeIgniter\Database\BaseConnection->query('SELECT COUNT(id...', Array, false)
#3 C:\wamp64\www\APP_CODE4\app\Controllers\Grafico.php(20): CodeIgniter\Database\BaseBuilder->get()
#4 C:\wamp64\www\APP_CODE4\system\CodeIgniter.php(932): App\Controllers\Grafico->abrirGrafico()
#5 C:\wamp64\www\APP_CODE4\system\CodeIgniter.php(497): CodeIgniter\CodeIgniter->runController(Object(App\Controllers\Grafico))
#6 C:\wamp64\www\APP_CODE4\system\CodeIgniter.php(366): CodeIgniter\CodeIgniter->handleRequest(NULL, Object(Config\Cache), false)
#7 C:\wamp64\www\APP_CODE4\index.php(67): CodeIgniter\CodeIgniter->run()
#8 {main}
CRITICAL - 2023-10-10 23:37:00 --> Unable to connect to the database.
Main connection [MySQLi]: Uma tentativa de conexão falhou porque o componente conectado não respondeu
corretamente após um período de tempo ou a conexão estabelecida falhou
porque o host conectado não respondeu
in SYSTEMPATH\Database\BaseConnection.php on line 427.
 1 SYSTEMPATH\Database\BaseConnection.php(574): CodeIgniter\Database\BaseConnection->initialize()
 2 SYSTEMPATH\Database\BaseBuilder.php(1616): CodeIgniter\Database\BaseConnection->query('SELECT COUNT(idproduto) as Quantidade, `preco` as `Preço`, DAYNAME(data_cadastro) as Dia
FROM `tb_produto`
WHERE DAY(data_cadastro) GROUP BY DAYNAME(data_cadastro), preco
ORDER BY `preco` ASC, `Dia` ASC', [], false)
 3 APPPATH\Controllers\Grafico.php(20): CodeIgniter\Database\BaseBuilder->get()
 4 SYSTEMPATH\CodeIgniter.php(932): App\Controllers\Grafico->abrirGrafico()
 5 SYSTEMPATH\CodeIgniter.php(497): CodeIgniter\CodeIgniter->runController(Object(App\Controllers\Grafico))
 6 SYSTEMPATH\CodeIgniter.php(366): CodeIgniter\CodeIgniter->handleRequest(null, Object(Config\Cache), false)
 7 FCPATH\index.php(67): CodeIgniter\CodeIgniter->run()
ERROR - 2023-10-10 23:37:03 --> Error connecting to the database: mysqli_sql_exception: Uma tentativa de conexão falhou porque o componente conectado não respondeu
corretamente após um período de tempo ou a conexão estabelecida falhou
porque o host conectado não respondeu in C:\wamp64\www\APP_CODE4\system\Database\MySQLi\Connection.php:174
Stack trace:
#0 C:\wamp64\www\APP_CODE4\system\Database\MySQLi\Connection.php(174): mysqli->real_connect('brknxbxz885whug...', 'unssffrcru8d5hw...', 'VfjFKMllP1br8vv...', 'brknxbxz885whug...', 3306, '', 0)
#1 C:\wamp64\www\APP_CODE4\system\Database\BaseConnection.php(391): CodeIgniter\Database\MySQLi\Connection->connect(false)
#2 C:\wamp64\www\APP_CODE4\system\Database\BaseConnection.php(574): CodeIgniter\Database\BaseConnection->initialize()
#3 C:\wamp64\www\APP_CODE4\system\Database\BaseBuilder.php(1616): CodeIgniter\Database\BaseConnection->query('SELECT COUNT(id...', Array, false)
#4 C:\wamp64\www\APP_CODE4\app\Controllers\Grafico.php(20): CodeIgniter\Database\BaseBuilder->get()
#5 C:\wamp64\www\APP_CODE4\system\CodeIgniter.php(932): App\Controllers\Grafico->abrirGrafico()
#6 C:\wamp64\www\APP_CODE4\system\CodeIgniter.php(497): CodeIgniter\CodeIgniter->runController(Object(App\Controllers\Grafico))
#7 C:\wamp64\www\APP_CODE4\system\CodeIgniter.php(366): CodeIgniter\CodeIgniter->handleRequest(NULL, Object(Config\Cache), false)
#8 C:\wamp64\www\APP_CODE4\index.php(67): CodeIgniter\CodeIgniter->run()
#9 {main}

Next CodeIgniter\Database\Exceptions\DatabaseException: Uma tentativa de conexão falhou porque o componente conectado não respondeu
corretamente após um período de tempo ou a conexão estabelecida falhou
porque o host conectado não respondeu in C:\wamp64\www\APP_CODE4\system\Database\MySQLi\Connection.php:218
Stack trace:
#0 C:\wamp64\www\APP_CODE4\system\Database\BaseConnection.php(391): CodeIgniter\Database\MySQLi\Connection->connect(false)
#1 C:\wamp64\www\APP_CODE4\system\Database\BaseConnection.php(574): CodeIgniter\Database\BaseConnection->initialize()
#2 C:\wamp64\www\APP_CODE4\system\Database\BaseBuilder.php(1616): CodeIgniter\Database\BaseConnection->query('SELECT COUNT(id...', Array, false)
#3 C:\wamp64\www\APP_CODE4\app\Controllers\Grafico.php(20): CodeIgniter\Database\BaseBuilder->get()
#4 C:\wamp64\www\APP_CODE4\system\CodeIgniter.php(932): App\Controllers\Grafico->abrirGrafico()
#5 C:\wamp64\www\APP_CODE4\system\CodeIgniter.php(497): CodeIgniter\CodeIgniter->runController(Object(App\Controllers\Grafico))
#6 C:\wamp64\www\APP_CODE4\system\CodeIgniter.php(366): CodeIgniter\CodeIgniter->handleRequest(NULL, Object(Config\Cache), false)
#7 C:\wamp64\www\APP_CODE4\index.php(67): CodeIgniter\CodeIgniter->run()
#8 {main}
CRITICAL - 2023-10-10 23:37:03 --> Unable to connect to the database.
Main connection [MySQLi]: Uma tentativa de conexão falhou porque o componente conectado não respondeu
corretamente após um período de tempo ou a conexão estabelecida falhou
porque o host conectado não respondeu
in SYSTEMPATH\Database\BaseConnection.php on line 427.
 1 SYSTEMPATH\Database\BaseConnection.php(574): CodeIgniter\Database\BaseConnection->initialize()
 2 SYSTEMPATH\Database\BaseBuilder.php(1616): CodeIgniter\Database\BaseConnection->query('SELECT COUNT(idproduto) as Quantidade, `preco` as `Preço`, DAYNAME(data_cadastro) as Dia
FROM `tb_produto`
WHERE DAY(data_cadastro) GROUP BY DAYNAME(data_cadastro), preco
ORDER BY `preco` ASC, `Dia` ASC', [], false)
 3 APPPATH\Controllers\Grafico.php(20): CodeIgniter\Database\BaseBuilder->get()
 4 SYSTEMPATH\CodeIgniter.php(932): App\Controllers\Grafico->abrirGrafico()
 5 SYSTEMPATH\CodeIgniter.php(497): CodeIgniter\CodeIgniter->runController(Object(App\Controllers\Grafico))
 6 SYSTEMPATH\CodeIgniter.php(366): CodeIgniter\CodeIgniter->handleRequest(null, Object(Config\Cache), false)
 7 FCPATH\index.php(67): CodeIgniter\CodeIgniter->run()
ERROR - 2023-10-10 23:37:07 --> Error connecting to the database: mysqli_sql_exception: Uma tentativa de conexão falhou porque o componente conectado não respondeu
corretamente após um período de tempo ou a conexão estabelecida falhou
porque o host conectado não respondeu in C:\wamp64\www\APP_CODE4\system\Database\MySQLi\Connection.php:174
Stack trace:
#0 C:\wamp64\www\APP_CODE4\system\Database\MySQLi\Connection.php(174): mysqli->real_connect('brknxbxz885whug...', 'unssffrcru8d5hw...', 'VfjFKMllP1br8vv...', 'brknxbxz885whug...', 3306, '', 0)
#1 C:\wamp64\www\APP_CODE4\system\Database\BaseConnection.php(391): CodeIgniter\Database\MySQLi\Connection->connect(false)
#2 C:\wamp64\www\APP_CODE4\system\Database\BaseConnection.php(574): CodeIgniter\Database\BaseConnection->initialize()
#3 C:\wamp64\www\APP_CODE4\system\Database\BaseBuilder.php(1616): CodeIgniter\Database\BaseConnection->query('SELECT COUNT(id...', Array, false)
#4 C:\wamp64\www\APP_CODE4\app\Controllers\Grafico.php(20): CodeIgniter\Database\BaseBuilder->get()
#5 C:\wamp64\www\APP_CODE4\system\CodeIgniter.php(932): App\Controllers\Grafico->abrirGrafico()
#6 C:\wamp64\www\APP_CODE4\system\CodeIgniter.php(497): CodeIgniter\CodeIgniter->runController(Object(App\Controllers\Grafico))
#7 C:\wamp64\www\APP_CODE4\system\CodeIgniter.php(366): CodeIgniter\CodeIgniter->handleRequest(NULL, Object(Config\Cache), false)
#8 C:\wamp64\www\APP_CODE4\index.php(67): CodeIgniter\CodeIgniter->run()
#9 {main}

Next CodeIgniter\Database\Exceptions\DatabaseException: Uma tentativa de conexão falhou porque o componente conectado não respondeu
corretamente após um período de tempo ou a conexão estabelecida falhou
porque o host conectado não respondeu in C:\wamp64\www\APP_CODE4\system\Database\MySQLi\Connection.php:218
Stack trace:
#0 C:\wamp64\www\APP_CODE4\system\Database\BaseConnection.php(391): CodeIgniter\Database\MySQLi\Connection->connect(false)
#1 C:\wamp64\www\APP_CODE4\system\Database\BaseConnection.php(574): CodeIgniter\Database\BaseConnection->initialize()
#2 C:\wamp64\www\APP_CODE4\system\Database\BaseBuilder.php(1616): CodeIgniter\Database\BaseConnection->query('SELECT COUNT(id...', Array, false)
#3 C:\wamp64\www\APP_CODE4\app\Controllers\Grafico.php(20): CodeIgniter\Database\BaseBuilder->get()
#4 C:\wamp64\www\APP_CODE4\system\CodeIgniter.php(932): App\Controllers\Grafico->abrirGrafico()
#5 C:\wamp64\www\APP_CODE4\system\CodeIgniter.php(497): CodeIgniter\CodeIgniter->runController(Object(App\Controllers\Grafico))
#6 C:\wamp64\www\APP_CODE4\system\CodeIgniter.php(366): CodeIgniter\CodeIgniter->handleRequest(NULL, Object(Config\Cache), false)
#7 C:\wamp64\www\APP_CODE4\index.php(67): CodeIgniter\CodeIgniter->run()
#8 {main}
CRITICAL - 2023-10-10 23:37:07 --> Unable to connect to the database.
Main connection [MySQLi]: Uma tentativa de conexão falhou porque o componente conectado não respondeu
corretamente após um período de tempo ou a conexão estabelecida falhou
porque o host conectado não respondeu
in SYSTEMPATH\Database\BaseConnection.php on line 427.
 1 SYSTEMPATH\Database\BaseConnection.php(574): CodeIgniter\Database\BaseConnection->initialize()
 2 SYSTEMPATH\Database\BaseBuilder.php(1616): CodeIgniter\Database\BaseConnection->query('SELECT COUNT(idproduto) as Quantidade, `preco` as `Preço`, DAYNAME(data_cadastro) as Dia
FROM `tb_produto`
WHERE DAY(data_cadastro) GROUP BY DAYNAME(data_cadastro), preco
ORDER BY `preco` ASC, `Dia` ASC', [], false)
 3 APPPATH\Controllers\Grafico.php(20): CodeIgniter\Database\BaseBuilder->get()
 4 SYSTEMPATH\CodeIgniter.php(932): App\Controllers\Grafico->abrirGrafico()
 5 SYSTEMPATH\CodeIgniter.php(497): CodeIgniter\CodeIgniter->runController(Object(App\Controllers\Grafico))
 6 SYSTEMPATH\CodeIgniter.php(366): CodeIgniter\CodeIgniter->handleRequest(null, Object(Config\Cache), false)
 7 FCPATH\index.php(67): CodeIgniter\CodeIgniter->run()
ERROR - 2023-10-10 23:37:42 --> Error connecting to the database: mysqli_sql_exception: Uma tentativa de conexão falhou porque o componente conectado não respondeu
corretamente após um período de tempo ou a conexão estabelecida falhou
porque o host conectado não respondeu in C:\wamp64\www\APP_CODE4\system\Database\MySQLi\Connection.php:174
Stack trace:
#0 C:\wamp64\www\APP_CODE4\system\Database\MySQLi\Connection.php(174): mysqli->real_connect('brknxbxz885whug...', 'unssffrcru8d5hw...', 'VfjFKMllP1br8vv...', 'brknxbxz885whug...', 3306, '', 0)
#1 C:\wamp64\www\APP_CODE4\system\Database\BaseConnection.php(391): CodeIgniter\Database\MySQLi\Connection->connect(false)
#2 C:\wamp64\www\APP_CODE4\system\Database\BaseConnection.php(574): CodeIgniter\Database\BaseConnection->initialize()
#3 C:\wamp64\www\APP_CODE4\system\Database\BaseBuilder.php(2309): CodeIgniter\Database\BaseConnection->query('INSERT INTO `tb...', Array, false)
#4 C:\wamp64\www\APP_CODE4\system\Model.php(330): CodeIgniter\Database\BaseBuilder->insert()
#5 C:\wamp64\www\APP_CODE4\system\BaseModel.php(782): CodeIgniter\Model->doInsert(Array)
#6 C:\wamp64\www\APP_CODE4\system\Model.php(730): CodeIgniter\BaseModel->insert(Array, false)
#7 C:\wamp64\www\APP_CODE4\system\BaseModel.php(692): CodeIgniter\Model->insert(Array, false)
#8 C:\wamp64\www\APP_CODE4\app\Controllers\Contato.php(33): CodeIgniter\BaseModel->save(Array)
#9 C:\wamp64\www\APP_CODE4\system\CodeIgniter.php(932): App\Controllers\Contato->salvar()
#10 C:\wamp64\www\APP_CODE4\system\CodeIgniter.php(497): CodeIgniter\CodeIgniter->runController(Object(App\Controllers\Contato))
#11 C:\wamp64\www\APP_CODE4\system\CodeIgniter.php(366): CodeIgniter\CodeIgniter->handleRequest(NULL, Object(Config\Cache), false)
#12 C:\wamp64\www\APP_CODE4\index.php(67): CodeIgniter\CodeIgniter->run()
#13 {main}

Next CodeIgniter\Database\Exceptions\DatabaseException: Uma tentativa de conexão falhou porque o componente conectado não respondeu
corretamente após um período de tempo ou a conexão estabelecida falhou
porque o host conectado não respondeu in C:\wamp64\www\APP_CODE4\system\Database\MySQLi\Connection.php:218
Stack trace:
#0 C:\wamp64\www\APP_CODE4\system\Database\BaseConnection.php(391): CodeIgniter\Database\MySQLi\Connection->connect(false)
#1 C:\wamp64\www\APP_CODE4\system\Database\BaseConnection.php(574): CodeIgniter\Database\BaseConnection->initialize()
#2 C:\wamp64\www\APP_CODE4\system\Database\BaseBuilder.php(2309): CodeIgniter\Database\BaseConnection->query('INSERT INTO `tb...', Array, false)
#3 C:\wamp64\www\APP_CODE4\system\Model.php(330): CodeIgniter\Database\BaseBuilder->insert()
#4 C:\wamp64\www\APP_CODE4\system\BaseModel.php(782): CodeIgniter\Model->doInsert(Array)
#5 C:\wamp64\www\APP_CODE4\system\Model.php(730): CodeIgniter\BaseModel->insert(Array, false)
#6 C:\wamp64\www\APP_CODE4\system\BaseModel.php(692): CodeIgniter\Model->insert(Array, false)
#7 C:\wamp64\www\APP_CODE4\app\Controllers\Contato.php(33): CodeIgniter\BaseModel->save(Array)
#8 C:\wamp64\www\APP_CODE4\system\CodeIgniter.php(932): App\Controllers\Contato->salvar()
#9 C:\wamp64\www\APP_CODE4\system\CodeIgniter.php(497): CodeIgniter\CodeIgniter->runController(Object(App\Controllers\Contato))
#10 C:\wamp64\www\APP_CODE4\system\CodeIgniter.php(366): CodeIgniter\CodeIgniter->handleRequest(NULL, Object(Config\Cache), false)
#11 C:\wamp64\www\APP_CODE4\index.php(67): CodeIgniter\CodeIgniter->run()
#12 {main}
CRITICAL - 2023-10-10 23:37:42 --> Unable to connect to the database.
Main connection [MySQLi]: Uma tentativa de conexão falhou porque o componente conectado não respondeu
corretamente após um período de tempo ou a conexão estabelecida falhou
porque o host conectado não respondeu
in SYSTEMPATH\Database\BaseConnection.php on line 427.
 1 SYSTEMPATH\Database\BaseConnection.php(574): CodeIgniter\Database\BaseConnection->initialize()
 2 SYSTEMPATH\Database\BaseBuilder.php(2309): CodeIgniter\Database\BaseConnection->query('INSERT INTO `tb_contato` (`nome`, `email`, `telefone`, `mensagem`) VALUES (:nome:, :email:, :telefone:, :mensagem:)', [...], false)
 3 SYSTEMPATH\Model.php(330): CodeIgniter\Database\BaseBuilder->insert()
 4 SYSTEMPATH\BaseModel.php(782): CodeIgniter\Model->doInsert([...])
 5 SYSTEMPATH\Model.php(730): CodeIgniter\BaseModel->insert([...], false)
 6 SYSTEMPATH\BaseModel.php(692): CodeIgniter\Model->insert([...], false)
 7 APPPATH\Controllers\Contato.php(33): CodeIgniter\BaseModel->save([...])
 8 SYSTEMPATH\CodeIgniter.php(932): App\Controllers\Contato->salvar()
 9 SYSTEMPATH\CodeIgniter.php(497): CodeIgniter\CodeIgniter->runController(Object(App\Controllers\Contato))
10 SYSTEMPATH\CodeIgniter.php(366): CodeIgniter\CodeIgniter->handleRequest(null, Object(Config\Cache), false)
11 FCPATH\index.php(67): CodeIgniter\CodeIgniter->run()
