CRITICAL - 2023-08-23 17:02:27 --> Call to undefined function link_tag()
in APPPATH\Views\TesteViews\header_message.php on line 10.
 1 SYSTEMPATH\View\View.php(224): include()
 2 SYSTEMPATH\View\View.php(227): CodeIgniter\View\View->CodeIgniter\View\{closure}()
 3 SYSTEMPATH\Common.php(1176): CodeIgniter\View\View->render('/TesteViews/header_message.php', [], true)
 4 APPPATH\Controllers\Home.php(13): view('/TesteViews/header_message.php')
 5 SYSTEMPATH\CodeIgniter.php(932): App\Controllers\Home->teste()
 6 SYSTEMPATH\CodeIgniter.php(497): CodeIgniter\CodeIgniter->runController(Object(App\Controllers\Home))
 7 SYSTEMPATH\CodeIgniter.php(366): CodeIgniter\CodeIgniter->handleRequest(null, Object(Config\Cache), false)
 8 FCPATH\index.php(67): CodeIgniter\CodeIgniter->run()
CRITICAL - 2023-08-23 17:02:37 --> Call to undefined function link_tag()
in APPPATH\Views\TesteViews\header_message.php on line 10.
 1 SYSTEMPATH\View\View.php(224): include()
 2 SYSTEMPATH\View\View.php(227): CodeIgniter\View\View->CodeIgniter\View\{closure}()
 3 SYSTEMPATH\Common.php(1176): CodeIgniter\View\View->render('/TesteViews/header_message.php', [], true)
 4 APPPATH\Controllers\Home.php(13): view('/TesteViews/header_message.php')
 5 SYSTEMPATH\CodeIgniter.php(932): App\Controllers\Home->teste()
 6 SYSTEMPATH\CodeIgniter.php(497): CodeIgniter\CodeIgniter->runController(Object(App\Controllers\Home))
 7 SYSTEMPATH\CodeIgniter.php(366): CodeIgniter\CodeIgniter->handleRequest(null, Object(Config\Cache), false)
 8 FCPATH\index.php(67): CodeIgniter\CodeIgniter->run()
CRITICAL - 2023-08-23 17:02:38 --> Call to undefined function link_tag()
in APPPATH\Views\TesteViews\header_message.php on line 10.
 1 SYSTEMPATH\View\View.php(224): include()
 2 SYSTEMPATH\View\View.php(227): CodeIgniter\View\View->CodeIgniter\View\{closure}()
 3 SYSTEMPATH\Common.php(1176): CodeIgniter\View\View->render('/TesteViews/header_message.php', [], true)
 4 APPPATH\Controllers\Home.php(13): view('/TesteViews/header_message.php')
 5 SYSTEMPATH\CodeIgniter.php(932): App\Controllers\Home->teste()
 6 SYSTEMPATH\CodeIgniter.php(497): CodeIgniter\CodeIgniter->runController(Object(App\Controllers\Home))
 7 SYSTEMPATH\CodeIgniter.php(366): CodeIgniter\CodeIgniter->handleRequest(null, Object(Config\Cache), false)
 8 FCPATH\index.php(67): CodeIgniter\CodeIgniter->run()
CRITICAL - 2023-08-23 17:02:38 --> Call to undefined function link_tag()
in APPPATH\Views\TesteViews\header_message.php on line 10.
 1 SYSTEMPATH\View\View.php(224): include()
 2 SYSTEMPATH\View\View.php(227): CodeIgniter\View\View->CodeIgniter\View\{closure}()
 3 SYSTEMPATH\Common.php(1176): CodeIgniter\View\View->render('/TesteViews/header_message.php', [], true)
 4 APPPATH\Controllers\Home.php(13): view('/TesteViews/header_message.php')
 5 SYSTEMPATH\CodeIgniter.php(932): App\Controllers\Home->teste()
 6 SYSTEMPATH\CodeIgniter.php(497): CodeIgniter\CodeIgniter->runController(Object(App\Controllers\Home))
 7 SYSTEMPATH\CodeIgniter.php(366): CodeIgniter\CodeIgniter->handleRequest(null, Object(Config\Cache), false)
 8 FCPATH\index.php(67): CodeIgniter\CodeIgniter->run()
CRITICAL - 2023-08-23 17:02:47 --> Call to undefined function link_tag()
in APPPATH\Views\TesteViews\header_message.php on line 10.
 1 SYSTEMPATH\View\View.php(224): include()
 2 SYSTEMPATH\View\View.php(227): CodeIgniter\View\View->CodeIgniter\View\{closure}()
 3 SYSTEMPATH\Common.php(1176): CodeIgniter\View\View->render('/TesteViews/header_message.php', [], true)
 4 APPPATH\Controllers\Home.php(13): view('/TesteViews/header_message.php')
 5 SYSTEMPATH\CodeIgniter.php(932): App\Controllers\Home->teste()
 6 SYSTEMPATH\CodeIgniter.php(497): CodeIgniter\CodeIgniter->runController(Object(App\Controllers\Home))
 7 SYSTEMPATH\CodeIgniter.php(366): CodeIgniter\CodeIgniter->handleRequest(null, Object(Config\Cache), false)
 8 FCPATH\index.php(67): CodeIgniter\CodeIgniter->run()
CRITICAL - 2023-08-23 17:03:03 --> Call to undefined function link_tag()
in APPPATH\Views\TesteViews\header_message.php on line 10.
 1 SYSTEMPATH\View\View.php(224): include()
 2 SYSTEMPATH\View\View.php(227): CodeIgniter\View\View->CodeIgniter\View\{closure}()
 3 SYSTEMPATH\Common.php(1176): CodeIgniter\View\View->render('/TesteViews/header_message.php', [], true)
 4 APPPATH\Controllers\Home.php(13): view('/TesteViews/header_message.php')
 5 SYSTEMPATH\CodeIgniter.php(932): App\Controllers\Home->teste()
 6 SYSTEMPATH\CodeIgniter.php(497): CodeIgniter\CodeIgniter->runController(Object(App\Controllers\Home))
 7 SYSTEMPATH\CodeIgniter.php(366): CodeIgniter\CodeIgniter->handleRequest(null, Object(Config\Cache), false)
 8 FCPATH\index.php(67): CodeIgniter\CodeIgniter->run()
CRITICAL - 2023-08-23 17:03:04 --> Call to undefined function link_tag()
in APPPATH\Views\TesteViews\header_message.php on line 10.
 1 SYSTEMPATH\View\View.php(224): include()
 2 SYSTEMPATH\View\View.php(227): CodeIgniter\View\View->CodeIgniter\View\{closure}()
 3 SYSTEMPATH\Common.php(1176): CodeIgniter\View\View->render('/TesteViews/header_message.php', [], true)
 4 APPPATH\Controllers\Home.php(13): view('/TesteViews/header_message.php')
 5 SYSTEMPATH\CodeIgniter.php(932): App\Controllers\Home->teste()
 6 SYSTEMPATH\CodeIgniter.php(497): CodeIgniter\CodeIgniter->runController(Object(App\Controllers\Home))
 7 SYSTEMPATH\CodeIgniter.php(366): CodeIgniter\CodeIgniter->handleRequest(null, Object(Config\Cache), false)
 8 FCPATH\index.php(67): CodeIgniter\CodeIgniter->run()
CRITICAL - 2023-08-23 17:03:04 --> Call to undefined function link_tag()
in APPPATH\Views\TesteViews\header_message.php on line 10.
 1 SYSTEMPATH\View\View.php(224): include()
 2 SYSTEMPATH\View\View.php(227): CodeIgniter\View\View->CodeIgniter\View\{closure}()
 3 SYSTEMPATH\Common.php(1176): CodeIgniter\View\View->render('/TesteViews/header_message.php', [], true)
 4 APPPATH\Controllers\Home.php(13): view('/TesteViews/header_message.php')
 5 SYSTEMPATH\CodeIgniter.php(932): App\Controllers\Home->teste()
 6 SYSTEMPATH\CodeIgniter.php(497): CodeIgniter\CodeIgniter->runController(Object(App\Controllers\Home))
 7 SYSTEMPATH\CodeIgniter.php(366): CodeIgniter\CodeIgniter->handleRequest(null, Object(Config\Cache), false)
 8 FCPATH\index.php(67): CodeIgniter\CodeIgniter->run()
CRITICAL - 2023-08-23 17:03:04 --> Call to undefined function link_tag()
in APPPATH\Views\TesteViews\header_message.php on line 10.
 1 SYSTEMPATH\View\View.php(224): include()
 2 SYSTEMPATH\View\View.php(227): CodeIgniter\View\View->CodeIgniter\View\{closure}()
 3 SYSTEMPATH\Common.php(1176): CodeIgniter\View\View->render('/TesteViews/header_message.php', [], true)
 4 APPPATH\Controllers\Home.php(13): view('/TesteViews/header_message.php')
 5 SYSTEMPATH\CodeIgniter.php(932): App\Controllers\Home->teste()
 6 SYSTEMPATH\CodeIgniter.php(497): CodeIgniter\CodeIgniter->runController(Object(App\Controllers\Home))
 7 SYSTEMPATH\CodeIgniter.php(366): CodeIgniter\CodeIgniter->handleRequest(null, Object(Config\Cache), false)
 8 FCPATH\index.php(67): CodeIgniter\CodeIgniter->run()
